[2026-06-06 17:12:30,665] [INFO] [[task_received] [PENDING] {'task': {'operation': 'get_system_info', 'target': 'local_system', 'parameters': {}}}]
[2026-06-06 17:12:30,665] [INFO] [[get_system_info] [PENDING] {}]
[2026-06-06 17:12:30,700] [INFO] [[get_system_info] [SUCCESS] {'os_type': 'linux'}]
[2026-06-06 17:12:31,380] [INFO] [[task_received] [PENDING] {'task': {'operation': 'test', 'target': 'localhost'}}]
[2026-06-06 17:12:31,380] [INFO] [[task_completed] [FAILED] {'error': 'Unknown operation: test'}]
[2026-06-06 17:12:31,382] [INFO] [[task_received] [PENDING] {'task': {'operation': 'test', 'target': 'localhost'}}]
[2026-06-06 17:12:31,382] [INFO] [[task_completed] [FAILED] {'error': 'Unknown operation: test'}]
[2026-06-06 17:12:42,124] [INFO] [[task_received] [PENDING] {'task': {'operation': 'get_system_info', 'target': 'local_system', 'parameters': {}}}]
[2026-06-06 17:12:42,124] [INFO] [[get_system_info] [PENDING] {}]
[2026-06-06 17:12:42,141] [INFO] [[get_system_info] [SUCCESS] {'os_type': 'linux'}]
[2026-06-06 17:12:42,182] [INFO] [[task_received] [PENDING] {'task': {'operation': 'shutdown', 'target': 'local_system', 'parameters': {'delay_seconds': 30}, 'context': {'target': 'local_system'}, 'original_request': 'Apaga el PC en 30 segundos'}}]
[2026-06-06 17:12:42,182] [INFO] [[shutdown] [PENDING] {'delay_seconds': 30}]
[2026-06-06 17:12:42,188] [INFO] [[security_validation] [SUCCESS] {'operation': 'shutdown', 'result': {'valid': True, 'requires_confirmation': True, 'warnings': [], 'blocked': False, 'reason': ''}}]
[2026-06-06 17:12:42,201] [INFO] [[shutdown] [SUCCESS] {'command': 'sudo shutdown -h +1', 'os_type': 'linux', 'simulated': True, 'delay_seconds': 30}]
[2026-06-06 17:12:42,282] [INFO] [[task_received] [PENDING] {'task': {'operation': 'restart', 'target': 'local_system', 'parameters': {}, 'context': {'target': 'local_system'}, 'original_request': 'Reinicia el sistema'}}]
[2026-06-06 17:12:42,283] [INFO] [[restart] [PENDING] {'delay_seconds': 0}]
[2026-06-06 17:12:42,287] [INFO] [[security_validation] [SUCCESS] {'operation': 'restart', 'result': {'valid': True, 'requires_confirmation': True, 'warnings': [], 'blocked': False, 'reason': ''}}]
[2026-06-06 17:12:42,302] [INFO] [[restart] [SUCCESS] {'command': 'sudo shutdown -r +1', 'os_type': 'linux', 'simulated': True, 'delay_seconds': 0}]
[2026-06-06 17:12:42,347] [INFO] [[task_received] [PENDING] {'task': {'operation': 'test', 'target': 'localhost'}}]
[2026-06-06 17:12:42,347] [INFO] [[task_completed] [FAILED] {'error': 'Unknown operation: test'}]
[2026-06-06 17:12:42,360] [INFO] [[task_received] [PENDING] {'task': {'operation': 'test', 'target': 'localhost'}}]
[2026-06-06 17:12:42,360] [INFO] [[task_completed] [FAILED] {'error': 'Unknown operation: test'}]
[2026-06-06 17:12:58,919] [INFO] [[task_received] [PENDING] {'task': {'operation': 'get_system_info', 'target': 'local_system', 'parameters': {}}}]
[2026-06-06 17:12:58,919] [INFO] [[get_system_info] [PENDING] {}]
[2026-06-06 17:12:58,940] [INFO] [[get_system_info] [SUCCESS] {'os_type': 'linux'}]
[2026-06-06 17:12:59,008] [INFO] [[task_received] [PENDING] {'task': {'operation': 'shutdown', 'target': 'local_system', 'parameters': {'delay_seconds': 30}, 'context': {'target': 'local_system'}, 'original_request': 'Apaga el PC en 30 segundos'}}]
[2026-06-06 17:12:59,008] [INFO] [[shutdown] [PENDING] {'delay_seconds': 30}]
[2026-06-06 17:12:59,022] [INFO] [[security_validation] [SUCCESS] {'operation': 'shutdown', 'result': {'valid': True, 'requires_confirmation': True, 'warnings': [], 'blocked': False, 'reason': ''}}]
[2026-06-06 17:12:59,040] [INFO] [[shutdown] [SUCCESS] {'command': 'sudo shutdown -h +1', 'os_type': 'linux', 'simulated': True, 'delay_seconds': 30}]
[2026-06-06 17:12:59,063] [INFO] [[task_received] [PENDING] {'task': {'operation': 'restart', 'target': 'local_system', 'parameters': {}, 'context': {'target': 'local_system'}, 'original_request': 'Reinicia el sistema'}}]
[2026-06-06 17:12:59,063] [INFO] [[restart] [PENDING] {'delay_seconds': 0}]
[2026-06-06 17:12:59,078] [INFO] [[security_validation] [SUCCESS] {'operation': 'restart', 'result': {'valid': True, 'requires_confirmation': True, 'warnings': [], 'blocked': False, 'reason': ''}}]
[2026-06-06 17:12:59,083] [INFO] [[restart] [SUCCESS] {'command': 'sudo shutdown -r +1', 'os_type': 'linux', 'simulated': True, 'delay_seconds': 0}]
[2026-06-06 17:12:59,162] [INFO] [[task_received] [PENDING] {'task': {'operation': 'test', 'target': 'localhost'}}]
[2026-06-06 17:12:59,163] [INFO] [[task_completed] [FAILED] {'error': 'Unknown operation: test'}]
[2026-06-06 17:12:59,165] [INFO] [[task_received] [PENDING] {'task': {'operation': 'test', 'target': 'localhost'}}]
[2026-06-06 17:12:59,165] [INFO] [[task_completed] [FAILED] {'error': 'Unknown operation: test'}]
[2026-06-06 17:13:09,284] [INFO] [[task_received] [PENDING] {'task': {'operation': 'get_system_info', 'target': 'local_system', 'parameters': {}}}]
[2026-06-06 17:13:09,284] [INFO] [[get_system_info] [PENDING] {}]
[2026-06-06 17:13:09,301] [INFO] [[get_system_info] [SUCCESS] {'os_type': 'linux'}]
[2026-06-06 17:13:09,382] [INFO] [[task_received] [PENDING] {'task': {'operation': 'shutdown', 'target': 'local_system', 'parameters': {'delay_seconds': 30}, 'context': {'target': 'local_system'}, 'original_request': 'Apaga el PC en 30 segundos'}}]
[2026-06-06 17:13:09,382] [INFO] [[shutdown] [PENDING] {'delay_seconds': 30}]
[2026-06-06 17:13:09,403] [INFO] [[security_validation] [SUCCESS] {'operation': 'shutdown', 'result': {'valid': True, 'requires_confirmation': True, 'warnings': [], 'blocked': False, 'reason': ''}}]
[2026-06-06 17:13:09,407] [INFO] [[shutdown] [SUCCESS] {'command': 'sudo shutdown -h +1', 'os_type': 'linux', 'simulated': True, 'delay_seconds': 30}]
[2026-06-06 17:13:09,428] [INFO] [[task_received] [PENDING] {'task': {'operation': 'restart', 'target': 'local_system', 'parameters': {}, 'context': {'target': 'local_system'}, 'original_request': 'Reinicia el sistema'}}]
[2026-06-06 17:13:09,428] [INFO] [[restart] [PENDING] {'delay_seconds': 0}]
[2026-06-06 17:13:09,444] [INFO] [[security_validation] [SUCCESS] {'operation': 'restart', 'result': {'valid': True, 'requires_confirmation': True, 'warnings': [], 'blocked': False, 'reason': ''}}]
[2026-06-06 17:13:09,449] [INFO] [[restart] [SUCCESS] {'command': 'sudo shutdown -r +1', 'os_type': 'linux', 'simulated': True, 'delay_seconds': 0}]
[2026-06-06 17:13:09,543] [INFO] [[task_received] [PENDING] {'task': {'operation': 'test', 'target': 'localhost'}}]
[2026-06-06 17:13:09,543] [INFO] [[task_completed] [FAILED] {'error': 'Unknown operation: test'}]
[2026-06-06 17:13:09,546] [INFO] [[task_received] [PENDING] {'task': {'operation': 'test', 'target': 'localhost'}}]
[2026-06-06 17:13:09,546] [INFO] [[task_completed] [FAILED] {'error': 'Unknown operation: test'}]
[2026-06-06 17:13:25,704] [INFO] [[task_received] [PENDING] {'task': {'operation': 'get_system_info', 'target': 'local_system', 'parameters': {}}}]
[2026-06-06 17:13:25,704] [INFO] [[get_system_info] [PENDING] {}]
[2026-06-06 17:13:25,721] [INFO] [[get_system_info] [SUCCESS] {'os_type': 'linux'}]
[2026-06-06 17:13:25,806] [INFO] [[task_received] [PENDING] {'task': {'operation': 'shutdown', 'target': 'local_system', 'parameters': {'delay_seconds': 30}, 'context': {'target': 'local_system'}, 'original_request': 'Apaga el PC en 30 segundos'}}]
[2026-06-06 17:13:25,807] [INFO] [[shutdown] [PENDING] {'delay_seconds': 30}]
[2026-06-06 17:13:25,821] [INFO] [[security_validation] [SUCCESS] {'operation': 'shutdown', 'result': {'valid': True, 'requires_confirmation': True, 'warnings': [], 'blocked': False, 'reason': ''}}]
[2026-06-06 17:13:25,825] [INFO] [[shutdown] [SUCCESS] {'command': 'sudo shutdown -h +1', 'os_type': 'linux', 'simulated': True, 'delay_seconds': 30}]
[2026-06-06 17:13:25,847] [INFO] [[task_received] [PENDING] {'task': {'operation': 'restart', 'target': 'local_system', 'parameters': {}, 'context': {'target': 'local_system'}, 'original_request': 'Reinicia el sistema'}}]
[2026-06-06 17:13:25,848] [INFO] [[restart] [PENDING] {'delay_seconds': 0}]
[2026-06-06 17:13:25,862] [INFO] [[security_validation] [SUCCESS] {'operation': 'restart', 'result': {'valid': True, 'requires_confirmation': True, 'warnings': [], 'blocked': False, 'reason': ''}}]
[2026-06-06 17:13:25,866] [INFO] [[restart] [SUCCESS] {'command': 'sudo shutdown -r +1', 'os_type': 'linux', 'simulated': True, 'delay_seconds': 0}]
[2026-06-06 17:13:25,903] [INFO] [[task_received] [PENDING] {'task': {'operation': 'test', 'target': 'localhost'}}]
[2026-06-06 17:13:25,903] [INFO] [[task_completed] [FAILED] {'error': 'Unknown operation: test'}]
[2026-06-06 17:13:25,906] [INFO] [[task_received] [PENDING] {'task': {'operation': 'test', 'target': 'localhost'}}]
[2026-06-06 17:13:25,906] [INFO] [[task_completed] [FAILED] {'error': 'Unknown operation: test'}]
[2026-06-06 18:20:25,163] [INFO] [[task_received] [PENDING] {'task': {'operation': 'get_system_info', 'target': 'local_system', 'parameters': {}}}]
[2026-06-06 18:20:25,163] [INFO] [[get_system_info] [PENDING] {}]
[2026-06-06 18:20:25,179] [INFO] [[get_system_info] [SUCCESS] {'os_type': 'linux'}]
[2026-06-06 18:20:25,223] [INFO] [[task_received] [PENDING] {'task': {'operation': 'shutdown', 'target': 'local_system', 'parameters': {'delay_seconds': 30}, 'context': {'target': 'local_system'}, 'original_request': 'Apaga el PC en 30 segundos'}}]
[2026-06-06 18:20:25,223] [INFO] [[shutdown] [PENDING] {'delay_seconds': 30}]
[2026-06-06 18:20:25,227] [INFO] [[security_validation] [SUCCESS] {'operation': 'shutdown', 'result': {'valid': True, 'requires_confirmation': True, 'warnings': [], 'blocked': False, 'reason': ''}}]
[2026-06-06 18:20:25,242] [INFO] [[shutdown] [SUCCESS] {'command': 'sudo shutdown -h +1', 'os_type': 'linux', 'simulated': True, 'delay_seconds': 30}]
[2026-06-06 18:20:25,267] [INFO] [[task_received] [PENDING] {'task': {'operation': 'restart', 'target': 'local_system', 'parameters': {}, 'context': {'target': 'local_system'}, 'original_request': 'Reinicia el sistema'}}]
[2026-06-06 18:20:25,267] [INFO] [[restart] [PENDING] {'delay_seconds': 0}]
[2026-06-06 18:20:25,281] [INFO] [[security_validation] [SUCCESS] {'operation': 'restart', 'result': {'valid': True, 'requires_confirmation': True, 'warnings': [], 'blocked': False, 'reason': ''}}]
[2026-06-06 18:20:25,285] [INFO] [[restart] [SUCCESS] {'command': 'sudo shutdown -r +1', 'os_type': 'linux', 'simulated': True, 'delay_seconds': 0}]
[2026-06-06 18:20:25,323] [INFO] [[task_received] [PENDING] {'task': {'operation': 'test', 'target': 'localhost'}}]
[2026-06-06 18:20:25,323] [INFO] [[task_completed] [FAILED] {'error': 'Unknown operation: test'}]
[2026-06-06 18:20:25,325] [INFO] [[task_received] [PENDING] {'task': {'operation': 'test', 'target': 'localhost'}}]
[2026-06-06 18:20:25,326] [INFO] [[task_completed] [FAILED] {'error': 'Unknown operation: test'}]
[2026-06-06 18:20:25,340] [INFO] [[get_system_info] [PENDING] {}]
[2026-06-06 18:20:25,344] [INFO] [[get_system_info] [SUCCESS] {'os_type': 'linux'}]
[2026-06-06 18:20:25,346] [INFO] [[shutdown] [PENDING] {'delay_seconds': 60}]
[2026-06-06 18:20:25,363] [INFO] [[security_validation] [SUCCESS] {'operation': 'shutdown', 'result': {'valid': True, 'requires_confirmation': True, 'warnings': [], 'blocked': False, 'reason': ''}}]
[2026-06-06 18:20:25,367] [INFO] [[shutdown] [SUCCESS] {'command': 'sudo shutdown -h +1', 'os_type': 'linux', 'simulated': True, 'delay_seconds': 60}]
[2026-06-06 18:20:25,370] [INFO] [[restart] [PENDING] {'delay_seconds': 30}]
[2026-06-06 18:20:25,382] [INFO] [[security_validation] [SUCCESS] {'operation': 'restart', 'result': {'valid': True, 'requires_confirmation': True, 'warnings': [], 'blocked': False, 'reason': ''}}]
[2026-06-06 18:20:25,386] [INFO] [[restart] [SUCCESS] {'command': 'sudo shutdown -r +1', 'os_type': 'linux', 'simulated': True, 'delay_seconds': 30}]
[2026-06-06 18:20:25,388] [INFO] [[open_application] [PENDING] {'app_name': 'notepad'}]
[2026-06-06 18:20:25,389] [INFO] [[authorization_check] [SUCCESS] {'target': 'notepad'}]
[2026-06-06 18:20:25,398] [INFO] [[open_application] [SUCCESS] {'app_name': 'notepad', 'command': 'xdg-open notepad', 'os_type': 'linux', 'simulated': True}]
[2026-06-06 18:20:25,401] [INFO] [[execute_command] [PENDING] {'command': 'echo hello', 'requires_confirmation': False}]
[2026-06-06 18:20:25,401] [INFO] [[execute_command] [SUCCESS] {'command': 'echo hello', 'os_type': 'linux', 'simulated': True}]
[2026-06-06 18:20:25,403] [INFO] [[execute_command] [PENDING] {'command': 'rm -rf /tmp/test', 'requires_confirmation': True}]
[2026-06-06 18:20:25,403] [INFO] [[execute_command] [PENDING_CONFIRMATION] {'command': 'rm -rf /tmp/test', 'reason': 'Dangerous command detected'}]
[2026-06-06 18:20:25,405] [INFO] [[authorization_check] [DENIED] {'target': '/etc/shadow'}]
[2026-06-06 18:20:25,405] [INFO] [[authorization_check] [DENIED] {'target': 'C:/Windows/System32/config'}]
[2026-06-06 18:20:25,407] [INFO] [[authorization_check] [SUCCESS] {'target': 'notepad'}]
[2026-06-06 18:20:25,407] [INFO] [[authorization_check] [SUCCESS] {'target': 'calculator'}]
[2026-06-06 18:20:25,418] [INFO] [[task_received] [PENDING] {'task': {'operation': 'unknown_op', 'parameters': {}}}]
[2026-06-06 18:20:25,418] [INFO] [[task_completed] [FAILED] {'error': 'Unknown operation: unknown_op'}]
[2026-06-06 18:20:25,420] [INFO] [[task_received] [PENDING] {'task': {'operation': 'shutdown', 'parameters': {'delay_seconds': 10}}}]
[2026-06-06 18:20:25,421] [INFO] [[shutdown] [PENDING] {'delay_seconds': 10}]
[2026-06-06 18:20:25,438] [INFO] [[security_validation] [SUCCESS] {'operation': 'shutdown', 'result': {'valid': True, 'requires_confirmation': True, 'warnings': [], 'blocked': False, 'reason': ''}}]
[2026-06-06 18:20:25,444] [INFO] [[shutdown] [SUCCESS] {'command': 'sudo shutdown -h +1', 'os_type': 'linux', 'simulated': True, 'delay_seconds': 10}]
[2026-06-06 18:20:25,446] [INFO] [[task_received] [PENDING] {'task': {'operation': 'get_system_info', 'parameters': {}}}]
[2026-06-06 18:20:25,446] [INFO] [[get_system_info] [PENDING] {}]
[2026-06-06 18:20:25,462] [INFO] [[get_system_info] [SUCCESS] {'os_type': 'linux'}]
[2026-06-06 18:20:25,468] [INFO] [[security_validation] [SUCCESS] {'operation': 'shutdown', 'result': {'valid': True, 'requires_confirmation': True, 'warnings': [], 'blocked': False, 'reason': ''}}]
[2026-06-06 18:20:25,479] [INFO] [[test_action] [INFO] {'key': 'value'}]
[2026-06-06 18:20:25,500] [INFO] [[get_system_info] [PENDING] {}]
[2026-06-06 18:20:25,505] [INFO] [[get_system_info] [SUCCESS] {'os_type': 'linux'}]
[2026-06-06 18:20:25,505] [INFO] [[shutdown] [PENDING] {'delay_seconds': 0}]
[2026-06-06 18:20:25,521] [INFO] [[security_validation] [SUCCESS] {'operation': 'shutdown', 'result': {'valid': True, 'requires_confirmation': True, 'warnings': [], 'blocked': False, 'reason': ''}}]
[2026-06-06 18:20:25,525] [INFO] [[shutdown] [SUCCESS] {'command': 'sudo shutdown -h +1', 'os_type': 'linux', 'simulated': True, 'delay_seconds': 0}]
[2026-06-06 18:20:25,525] [INFO] [[restart] [PENDING] {'delay_seconds': 0}]
[2026-06-06 18:20:25,540] [INFO] [[security_validation] [SUCCESS] {'operation': 'restart', 'result': {'valid': True, 'requires_confirmation': True, 'warnings': [], 'blocked': False, 'reason': ''}}]
[2026-06-06 18:20:25,545] [INFO] [[restart] [SUCCESS] {'command': 'sudo shutdown -r +1', 'os_type': 'linux', 'simulated': True, 'delay_seconds': 0}]
[2026-06-06 18:23:40,002] [INFO] [[task_received] [PENDING] {'task': {'operation': 'get_system_info', 'target': 'local_system', 'parameters': {}}}]
[2026-06-06 18:23:40,002] [INFO] [[get_system_info] [PENDING] {}]
[2026-06-06 18:23:40,020] [INFO] [[get_system_info] [SUCCESS] {'os_type': 'linux'}]
[2026-06-06 18:23:40,082] [INFO] [[task_received] [PENDING] {'task': {'operation': 'shutdown', 'target': 'local_system', 'parameters': {'delay_seconds': 30}, 'context': {'target': 'local_system'}, 'original_request': 'Apaga el PC en 30 segundos'}}]
[2026-06-06 18:23:40,082] [INFO] [[shutdown] [PENDING] {'delay_seconds': 30}]
[2026-06-06 18:23:40,103] [INFO] [[security_validation] [SUCCESS] {'operation': 'shutdown', 'result': {'valid': True, 'requires_confirmation': True, 'warnings': [], 'blocked': False, 'reason': ''}}]
[2026-06-06 18:23:40,118] [INFO] [[shutdown] [SUCCESS] {'command': 'sudo shutdown -h +1', 'os_type': 'linux', 'simulated': True, 'delay_seconds': 30}]
[2026-06-06 18:23:40,143] [INFO] [[task_received] [PENDING] {'task': {'operation': 'restart', 'target': 'local_system', 'parameters': {}, 'context': {'target': 'local_system'}, 'original_request': 'Reinicia el sistema'}}]
[2026-06-06 18:23:40,143] [INFO] [[restart] [PENDING] {'delay_seconds': 0}]
[2026-06-06 18:23:40,162] [INFO] [[security_validation] [SUCCESS] {'operation': 'restart', 'result': {'valid': True, 'requires_confirmation': True, 'warnings': [], 'blocked': False, 'reason': ''}}]
[2026-06-06 18:23:40,167] [INFO] [[restart] [SUCCESS] {'command': 'sudo shutdown -r +1', 'os_type': 'linux', 'simulated': True, 'delay_seconds': 0}]
[2026-06-06 18:23:40,203] [INFO] [[task_received] [PENDING] {'task': {'operation': 'test', 'target': 'localhost'}}]
[2026-06-06 18:23:40,203] [INFO] [[task_completed] [FAILED] {'error': 'Unknown operation: test'}]
[2026-06-06 18:23:40,206] [INFO] [[task_received] [PENDING] {'task': {'operation': 'test', 'target': 'localhost'}}]
[2026-06-06 18:23:40,206] [INFO] [[task_completed] [FAILED] {'error': 'Unknown operation: test'}]
[2026-06-06 18:23:40,219] [INFO] [[get_system_info] [PENDING] {}]
[2026-06-06 18:23:40,224] [INFO] [[get_system_info] [SUCCESS] {'os_type': 'linux'}]
[2026-06-06 18:23:40,241] [INFO] [[shutdown] [PENDING] {'delay_seconds': 60}]
[2026-06-06 18:23:40,258] [INFO] [[security_validation] [SUCCESS] {'operation': 'shutdown', 'result': {'valid': True, 'requires_confirmation': True, 'warnings': [], 'blocked': False, 'reason': ''}}]
[2026-06-06 18:23:40,264] [INFO] [[shutdown] [SUCCESS] {'command': 'sudo shutdown -h +1', 'os_type': 'linux', 'simulated': True, 'delay_seconds': 60}]
[2026-06-06 18:23:40,267] [INFO] [[restart] [PENDING] {'delay_seconds': 30}]
[2026-06-06 18:23:40,281] [INFO] [[security_validation] [SUCCESS] {'operation': 'restart', 'result': {'valid': True, 'requires_confirmation': True, 'warnings': [], 'blocked': False, 'reason': ''}}]
[2026-06-06 18:23:40,286] [INFO] [[restart] [SUCCESS] {'command': 'sudo shutdown -r +1', 'os_type': 'linux', 'simulated': True, 'delay_seconds': 30}]
[2026-06-06 18:23:40,300] [INFO] [[open_application] [PENDING] {'app_name': 'notepad'}]
[2026-06-06 18:23:40,300] [INFO] [[authorization_check] [SUCCESS] {'target': 'notepad'}]
[2026-06-06 18:23:40,300] [INFO] [[open_application] [SUCCESS] {'app_name': 'notepad', 'command': 'xdg-open notepad', 'os_type': 'linux', 'simulated': True}]
[2026-06-06 18:23:40,302] [INFO] [[execute_command] [PENDING] {'command': 'echo hello', 'requires_confirmation': False}]
[2026-06-06 18:23:40,302] [INFO] [[execute_command] [SUCCESS] {'command': 'echo hello', 'os_type': 'linux', 'simulated': True}]
[2026-06-06 18:23:40,304] [INFO] [[execute_command] [PENDING] {'command': 'rm -rf /tmp/test', 'requires_confirmation': True}]
[2026-06-06 18:23:40,304] [INFO] [[execute_command] [PENDING_CONFIRMATION] {'command': 'rm -rf /tmp/test', 'reason': 'Dangerous command detected'}]
[2026-06-06 18:23:40,306] [INFO] [[authorization_check] [DENIED] {'target': '/etc/shadow'}]
[2026-06-06 18:23:40,306] [INFO] [[authorization_check] [DENIED] {'target': 'C:/Windows/System32/config'}]
[2026-06-06 18:23:40,308] [INFO] [[authorization_check] [SUCCESS] {'target': 'notepad'}]
[2026-06-06 18:23:40,308] [INFO] [[authorization_check] [SUCCESS] {'target': 'calculator'}]
[2026-06-06 18:23:40,320] [INFO] [[task_received] [PENDING] {'task': {'operation': 'unknown_op', 'parameters': {}}}]
[2026-06-06 18:23:40,320] [INFO] [[task_completed] [FAILED] {'error': 'Unknown operation: unknown_op'}]
[2026-06-06 18:23:40,322] [INFO] [[task_received] [PENDING] {'task': {'operation': 'shutdown', 'parameters': {'delay_seconds': 10}}}]
[2026-06-06 18:23:40,322] [INFO] [[shutdown] [PENDING] {'delay_seconds': 10}]
[2026-06-06 18:23:40,327] [INFO] [[security_validation] [SUCCESS] {'operation': 'shutdown', 'result': {'valid': True, 'requires_confirmation': True, 'warnings': [], 'blocked': False, 'reason': ''}}]
[2026-06-06 18:23:40,342] [INFO] [[shutdown] [SUCCESS] {'command': 'sudo shutdown -h +1', 'os_type': 'linux', 'simulated': True, 'delay_seconds': 10}]
[2026-06-06 18:23:40,345] [INFO] [[task_received] [PENDING] {'task': {'operation': 'get_system_info', 'parameters': {}}}]
[2026-06-06 18:23:40,345] [INFO] [[get_system_info] [PENDING] {}]
[2026-06-06 18:23:40,362] [INFO] [[get_system_info] [SUCCESS] {'os_type': 'linux'}]
[2026-06-06 18:23:40,383] [INFO] [[security_validation] [SUCCESS] {'operation': 'shutdown', 'result': {'valid': True, 'requires_confirmation': True, 'warnings': [], 'blocked': False, 'reason': ''}}]
[2026-06-06 18:23:40,385] [INFO] [[test_action] [INFO] {'key': 'value'}]
[2026-06-06 18:23:40,407] [INFO] [[get_system_info] [PENDING] {}]
[2026-06-06 18:23:40,423] [INFO] [[get_system_info] [SUCCESS] {'os_type': 'linux'}]
[2026-06-06 18:23:40,424] [INFO] [[shutdown] [PENDING] {'delay_seconds': 0}]
[2026-06-06 18:23:40,440] [INFO] [[security_validation] [SUCCESS] {'operation': 'shutdown', 'result': {'valid': True, 'requires_confirmation': True, 'warnings': [], 'blocked': False, 'reason': ''}}]
[2026-06-06 18:23:40,445] [INFO] [[shutdown] [SUCCESS] {'command': 'sudo shutdown -h +1', 'os_type': 'linux', 'simulated': True, 'delay_seconds': 0}]
[2026-06-06 18:23:40,445] [INFO] [[restart] [PENDING] {'delay_seconds': 0}]
[2026-06-06 18:23:40,462] [INFO] [[security_validation] [SUCCESS] {'operation': 'restart', 'result': {'valid': True, 'requires_confirmation': True, 'warnings': [], 'blocked': False, 'reason': ''}}]
[2026-06-06 18:23:40,468] [INFO] [[restart] [SUCCESS] {'command': 'sudo shutdown -r +1', 'os_type': 'linux', 'simulated': True, 'delay_seconds': 0}]
